[23:54:58] === PIPELINE START: 3 books ===
[23:54:58]   [0] key=小学/数学/人教版/义务教育教科书 · 数学二年级上册.pdf path=小学/数学/人教版 name=义务教育教科书 · 数学二年级上册.pdf parts=1
[23:54:58]   [1] key=小学/数学/人教版/义务教育教科书 · 数学四年级上册.pdf path=小学/数学/人教版 name=义务教育教科书 · 数学四年级上册.pdf parts=1
[23:54:58]   [2] key=小学/数学/人教版/义务教育教科书·数学五年级下册.pdf path=小学/数学/人教版 name=义务教育教科书·数学五年级下册.pdf parts=1
[23:54:58] app.selected_keys count: 3
[23:54:58] STATUS: Step 1: Checking repo...
[23:54:58] Repo valid: True
[23:54:58] Unique dirs: 1
[23:54:58]   dir: 小学/数学/人教版
[23:54:58] STATUS: Fetching updates...
[23:54:58] git fetch origin...
[23:54:58] STATUS: Fetching repo data...
[23:54:59] git fetch done
[23:54:59] disabling sparse-checkout...
[23:54:59] sparse-checkout disabled
[23:54:59] STATUS: Restoring 1 dirs...
[23:54:59] Restoring 3 files...
[23:54:59] restore batch 1 attempt 1: error: pathspec '小学/数学/人教版/义务教育教科书 · 数学二年级上册.pdf' did not match any file(s) known to git
error: pathspec '小学/数学/人教版/义务教育
[23:55:01] restore batch 1 attempt 2: error: pathspec '小学/数学/人教版/义务教育教科书 · 数学二年级上册.pdf' did not match any file(s) known to git
error: pathspec '小学/数学/人教版/义务教育
[23:55:05] restore batch 1 attempt 3: error: pathspec '小学/数学/人教版/义务教育教科书 · 数学二年级上册.pdf' did not match any file(s) known to git
error: pathspec '小学/数学/人教版/义务教育
